<?xml version="1.0" encoding="UTF-8"?>
<!-- Generated by org.testng.reporters.JUnitReportReporter -->
<testsuite hostname="Priyanka" failures="0" tests="3" name="com.BlazeApp.TestCases.HomePageTest" time="1.390" errors="0" timestamp="2026-01-12T22:14:11 IST" skipped="0">
  <testcase classname="com.BlazeApp.TestCases.HomePageTest" name="verifyUrl" time="0.073"/>
  <testcase classname="com.BlazeApp.TestCases.HomePageTest" name="verifyTitle" time="0.029"/>
  <testcase classname="com.BlazeApp.TestCases.HomePageTest" name="validateFindFlight" time="1.288"/>
</testsuite> <!-- com.BlazeApp.TestCases.HomePageTest -->
