<?xml version="1.0" encoding="UTF-8"?>
<!-- Generated by org.testng.reporters.JUnitReportReporter -->
<testsuite hostname="Priyanka" failures="0" tests="3" name="com.BlazeApp.TestCases.ReservePageTest" time="1.056" errors="0" timestamp="2026-01-12T22:14:11 IST" skipped="0">
  <testcase classname="com.BlazeApp.TestCases.ReservePageTest" name="verifyTotalSearch" time="0.059"/>
  <testcase classname="com.BlazeApp.TestCases.ReservePageTest" name="verifyAirlineDetails" time="0.226"/>
  <testcase classname="com.BlazeApp.TestCases.ReservePageTest" name="validateFlightSelection" time="0.771"/>
</testsuite> <!-- com.BlazeApp.TestCases.ReservePageTest -->
