<?xml version="1.0" encoding="UTF-8"?>
<testng-results ignored="0" total="6" passed="6" failed="0" skipped="0">
  <reporter-output>
  </reporter-output>
  <suite started-at="2026-01-12T22:13:57 IST" name="Suite" finished-at="2026-01-12T22:14:10 IST" duration-ms="12625">
    <groups>
    </groups>
    <test started-at="2026-01-12T22:13:57 IST" name="Test" finished-at="2026-01-12T22:14:10 IST" duration-ms="12625">
      <class name="com.BlazeApp.TestCases.ReservePageTest">
        <test-method is-config="true" signature="setUp()[pri:0, instance:com.BlazeApp.TestCases.ReservePageTest@61710c6]" started-at="2026-01-12T22:14:03 IST" name="setUp" finished-at="2026-01-12T22:14:06 IST" duration-ms="3369" status="PASS">
          <reporter-output>
          </reporter-output>
        </test-method> <!-- setUp -->
        <test-method is-config="true" signature="pageSetup()[pri:0, instance:com.BlazeApp.TestCases.ReservePageTest@61710c6]" started-at="2026-01-12T22:14:06 IST" name="pageSetup" finished-at="2026-01-12T22:14:09 IST" duration-ms="2363" status="PASS">
          <reporter-output>
          </reporter-output>
        </test-method> <!-- pageSetup -->
        <test-method signature="verifyTotalSearch()[pri:1, instance:com.BlazeApp.TestCases.ReservePageTest@61710c6]" started-at="2026-01-12T22:14:09 IST" name="verifyTotalSearch" finished-at="2026-01-12T22:14:09 IST" duration-ms="59" status="PASS">
          <reporter-output>
          </reporter-output>
        </test-method> <!-- verifyTotalSearch -->
        <test-method signature="verifyAirlineDetails()[pri:2, instance:com.BlazeApp.TestCases.ReservePageTest@61710c6]" started-at="2026-01-12T22:14:09 IST" name="verifyAirlineDetails" finished-at="2026-01-12T22:14:09 IST" duration-ms="226" status="PASS">
          <reporter-output>
          </reporter-output>
        </test-method> <!-- verifyAirlineDetails -->
        <test-method signature="validateFlightSelection()[pri:3, instance:com.BlazeApp.TestCases.ReservePageTest@61710c6]" started-at="2026-01-12T22:14:09 IST" name="validateFlightSelection" finished-at="2026-01-12T22:14:10 IST" duration-ms="771" status="PASS">
          <reporter-output>
          </reporter-output>
        </test-method> <!-- validateFlightSelection -->
      </class> <!-- com.BlazeApp.TestCases.ReservePageTest -->
      <class name="com.BlazeApp.TestCases.HomePageTest">
        <test-method is-config="true" signature="setUp()[pri:0, instance:com.BlazeApp.TestCases.HomePageTest@2235eaab]" started-at="2026-01-12T22:13:57 IST" name="setUp" finished-at="2026-01-12T22:14:01 IST" duration-ms="4319" status="PASS">
          <reporter-output>
          </reporter-output>
        </test-method> <!-- setUp -->
        <test-method signature="verifyUrl()[pri:1, instance:com.BlazeApp.TestCases.HomePageTest@2235eaab]" started-at="2026-01-12T22:14:01 IST" name="verifyUrl" finished-at="2026-01-12T22:14:01 IST" duration-ms="73" status="PASS">
          <reporter-output>
          </reporter-output>
        </test-method> <!-- verifyUrl -->
        <test-method signature="verifyTitle()[pri:2, instance:com.BlazeApp.TestCases.HomePageTest@2235eaab]" started-at="2026-01-12T22:14:02 IST" name="verifyTitle" finished-at="2026-01-12T22:14:02 IST" duration-ms="29" status="PASS">
          <reporter-output>
          </reporter-output>
        </test-method> <!-- verifyTitle -->
        <test-method signature="validateFindFlight()[pri:3, instance:com.BlazeApp.TestCases.HomePageTest@2235eaab]" started-at="2026-01-12T22:14:02 IST" name="validateFindFlight" finished-at="2026-01-12T22:14:03 IST" duration-ms="1288" status="PASS">
          <reporter-output>
          </reporter-output>
        </test-method> <!-- validateFindFlight -->
      </class> <!-- com.BlazeApp.TestCases.HomePageTest -->
    </test> <!-- Test -->
  </suite> <!-- Suite -->
</testng-results>
