<?xml version="1.0" encoding="UTF-8"?>
<!-- Generated by org.testng.reporters.JUnitXMLReporter -->
<testsuite ignored="0" hostname="Priyanka" failures="0" tests="6" name="Test" time="12.625" errors="0" timestamp="2026-01-12T22:14:10 IST">
  <testcase classname="com.BlazeApp.TestCases.HomePageTest" name="verifyUrl" time="0.073"/>
  <testcase classname="com.BlazeApp.TestCases.HomePageTest" name="verifyTitle" time="0.029"/>
  <testcase classname="com.BlazeApp.TestCases.HomePageTest" name="validateFindFlight" time="1.288"/>
  <testcase classname="com.BlazeApp.TestCases.ReservePageTest" name="verifyTotalSearch" time="0.059"/>
  <testcase classname="com.BlazeApp.TestCases.ReservePageTest" name="verifyAirlineDetails" time="0.226"/>
  <testcase classname="com.BlazeApp.TestCases.ReservePageTest" name="validateFlightSelection" time="0.771"/>
</testsuite> <!-- Test -->
