<?xml version="1.0" encoding="UTF-8"?>
<!-- Generated by org.testng.reporters.JUnitXMLReporter -->
<testsuite ignored="0" hostname="Priyanka" failures="0" tests="3" name="Default test" time="6.628" errors="0" timestamp="2026-01-12T21:52:16 IST">
  <testcase classname="com.BlazeApp.TestCases.ReservePageTest" name="verifyTotalSearch" time="0.064"/>
  <testcase classname="com.BlazeApp.TestCases.ReservePageTest" name="verifyAirlineDetails" time="0.123"/>
  <testcase classname="com.BlazeApp.TestCases.ReservePageTest" name="validateFlightSelection" time="0.605"/>
</testsuite> <!-- Default test -->
